<?xml version="1.0" encoding="UTF-8"?>
<!-- Generated by org.testng.reporters.JUnitReportReporter -->
<testsuite name="uge6.StringTest" tests="1" failures="0" timestamp="8 Nov 2011 09:51:21 GMT" time="0.011" errors="0">
  <testcase name="constantPoolTest" time="0.011" classname="uge6.StringTest"/>
</testsuite>
