<?xml version="1.0" encoding="UTF-8"?>
<!-- Generated by org.testng.reporters.JUnitReportReporter -->
<testsuite hostname="lt-laptop.local" name="uge7.VarianceTest" tests="1" failures="0" timestamp="29 Nov 2011 07:13:36 GMT" time="0.013" errors="0">
  <testcase name="covarianceTest" time="0.013" classname="uge7.VarianceTest"/>
</testsuite>
