<?xml version="1.0" encoding="UTF-8"?>
<!-- Generated by org.testng.reporters.JUnitReportReporter -->
<testsuite hostname="lt-laptop.local" name="uge5.ExceptionTest" tests="1" failures="1" timestamp="1 Nov 2011 09:37:44 GMT" time="0.015" errors="0">
  <testcase name="testConstructorException" time="0.015" classname="uge5.ExceptionTest">
    <failure type="java.lang.StackOverflowError">
      <![CDATA[java.lang.StackOverflowError
	at uge5.ConstructMe.<init>(ExceptionTest.java:45)
	at uge5.ConstructMe.<init>(ExceptionTest.java:43)
	at uge5.ConstructMe.<init>(ExceptionTest.java:43)
	at uge5.ConstructMe.<init>(ExceptionTest.java:43)
	at uge5.ConstructMe.<init>(ExceptionTest.java:43)
	at uge5.ConstructMe.<init>(ExceptionTest.java:43)
	at uge5.ConstructMe.<init>(ExceptionTest.java:43)
	at uge5.ConstructMe.<init>(ExceptionTest.java:43)
	at uge5.ConstructMe.<init>(ExceptionTest.java:43)
	at uge5.ConstructMe.<init>(ExceptionTest.java:43)
	at uge5.ConstructMe.<init>(ExceptionTest.java:43)
	at uge5.ConstructMe.<init>(ExceptionTest.java:43)
	at uge5.ConstructMe.<init>(ExceptionTest.java:43)
	at uge5.ConstructMe.<init>(ExceptionTest.java:43)
	at uge5.ConstructMe.<init>(ExceptionTest.java:43)
	at uge5.ConstructMe.<init>(ExceptionTest.java:43)
	at uge5.ConstructMe.<init>(ExceptionTest.java:43)
	at uge5.ConstructMe.<init>(ExceptionTest.java:43)
	at uge5.ConstructMe.<init>(ExceptionTest.java:43)
	at uge5.ConstructMe.<init>(ExceptionTest.java:43)
	at uge5.ConstructMe.<init>(ExceptionTest.java:43)
	at uge5.ConstructMe.<init>(ExceptionTest.java:43)
	at uge5.ConstructMe.<init>(ExceptionTest.java:43)
	at uge5.ConstructMe.<init>(ExceptionTest.java:43)
	at uge5.ConstructMe.<init>(ExceptionTest.java:43)
	at uge5.ConstructMe.<init>(ExceptionTest.java:43)
	at uge5.ConstructMe.<init>(ExceptionTest.java:43)
	at uge5.ConstructMe.<init>(ExceptionTest.java:43)
	at uge5.ConstructMe.<init>(ExceptionTest.java:43)
	at uge5.ConstructMe.<init>(ExceptionTest.java:43)
	at uge5.ConstructMe.<init>(ExceptionTest.java:43)
	at uge5.ConstructMe.<init>(ExceptionTest.java:43)
	at uge5.ConstructMe.<init>(ExceptionTest.java:43)
	at uge5.ConstructMe.<init>(ExceptionTest.java:43)
	at uge5.ConstructMe.<init>(ExceptionTest.java:43)
	at uge5.ConstructMe.<init>(ExceptionTest.java:43)
	at uge5.ConstructMe.<init>(ExceptionTest.java:43)
	at uge5.ConstructMe.<init>(ExceptionTest.java:43)
	at uge5.ConstructMe.<init>(ExceptionTest.java:43)
	at uge5.ConstructMe.<init>(ExceptionTest.java:43)
	at uge5.ConstructMe.<init>(ExceptionTest.java:43)
	at uge5.ConstructMe.<init>(ExceptionTest.java:43)
	at uge5.ConstructMe.<init>(ExceptionTest.java:43)
	at uge5.ConstructMe.<init>(ExceptionTest.java:43)
	at uge5.ConstructMe.<init>(ExceptionTest.java:43)
	at uge5.ConstructMe.<init>(ExceptionTest.java:43)
	at uge5.ConstructMe.<init>(ExceptionTest.java:43)
	at uge5.ConstructMe.<init>(ExceptionTest.java:43)
	at uge5.ConstructMe.<init>(ExceptionTest.java:43)
	at uge5.ConstructMe.<init>(ExceptionTest.java:43)
	at uge5.ConstructMe.<init>(ExceptionTest.java:43)
	at uge5.ConstructMe.<init>(ExceptionTest.java:43)
	at uge5.ConstructMe.<init>(ExceptionTest.java:43)
	at uge5.ConstructMe.<init>(ExceptionTest.java:43)
	at uge5.ConstructMe.<init>(ExceptionTest.java:43)
	at uge5.ConstructMe.<init>(ExceptionTest.java:43)
	at uge5.ConstructMe.<init>(ExceptionTest.java:43)
	at uge5.ConstructMe.<init>(ExceptionTest.java:43)
	at uge5.ConstructMe.<init>(ExceptionTest.java:43)
	at uge5.ConstructMe.<init>(ExceptionTest.java:43)
	at uge5.ConstructMe.<init>(ExceptionTest.java:43)
	at uge5.ConstructMe.<init>(ExceptionTest.java:43)
	at uge5.ConstructMe.<init>(ExceptionTest.java:43)
	at uge5.ConstructMe.<init>(ExceptionTest.java:43)
	at uge5.ConstructMe.<init>(ExceptionTest.java:43)
	at uge5.ConstructMe.<init>(ExceptionTest.java:43)
	at uge5.ConstructMe.<init>(ExceptionTest.java:43)
	at uge5.ConstructMe.<init>(ExceptionTest.java:43)
	at uge5.ConstructMe.<init>(ExceptionTest.java:43)
	at uge5.ConstructMe.<init>(ExceptionTest.java:43)
	at uge5.ConstructMe.<init>(ExceptionTest.java:43)
	at uge5.ConstructMe.<init>(ExceptionTest.java:43)
	at uge5.ConstructMe.<init>(ExceptionTest.java:43)
	at uge5.ConstructMe.<init>(ExceptionTest.java:43)
	at uge5.ConstructMe.<init>(ExceptionTest.java:43)
	at uge5.ConstructMe.<init>(ExceptionTest.java:43)
	at uge5.ConstructMe.<init>(ExceptionTest.java:43)
	at uge5.ConstructMe.<init>(ExceptionTest.java:43)
	at uge5.ConstructMe.<init>(ExceptionTest.java:43)
	at uge5.ConstructMe.<init>(ExceptionTest.java:43)
	at uge5.ConstructMe.<init>(ExceptionTest.java:43)
	at uge5.ConstructMe.<init>(ExceptionTest.java:43)
	at uge5.ConstructMe.<init>(ExceptionTest.java:43)
	at uge5.ConstructMe.<init>(ExceptionTest.java:43)
	at uge5.ConstructMe.<init>(ExceptionTest.java:43)
	at uge5.ConstructMe.<init>(ExceptionTest.java:43)
	at uge5.ConstructMe.<init>(ExceptionTest.java:43)
	at uge5.ConstructMe.<init>(ExceptionTest.java:43)
	at uge5.ConstructMe.<init>(ExceptionTest.java:43)
	at uge5.ConstructMe.<init>(ExceptionTest.java:43)
	at uge5.ConstructMe.<init>(ExceptionTest.java:43)
	at uge5.ConstructMe.<init>(ExceptionTest.java:43)
	at uge5.ConstructMe.<init>(ExceptionTest.java:43)
	at uge5.ConstructMe.<init>(ExceptionTest.java:43)
	at uge5.ConstructMe.<init>(ExceptionTest.java:43)
	at uge5.ConstructMe.<init>(ExceptionTest.java:43)
	at uge5.ConstructMe.<init>(ExceptionTest.java:43)
	at uge5.ConstructMe.<init>(ExceptionTest.java:43)
	at uge5.ConstructMe.<init>(ExceptionTest.java:43)
	at uge5.ConstructMe.<init>(ExceptionTest.java:43)
	at uge5.ConstructMe.<init>(ExceptionTest.java:43)
	at uge5.ConstructMe.<init>(ExceptionTest.java:43)
	at uge5.ConstructMe.<init>(ExceptionTest.java:43)
	at uge5.ConstructMe.<init>(ExceptionTest.java:43)
	at uge5.ConstructMe.<init>(ExceptionTest.java:43)
	at uge5.ConstructMe.<init>(ExceptionTest.java:43)
	at uge5.ConstructMe.<init>(ExceptionTest.java:43)
	at uge5.ConstructMe.<init>(ExceptionTest.java:43)
	at uge5.ConstructMe.<init>(ExceptionTest.java:43)
	at uge5.ConstructMe.<init>(ExceptionTest.java:43)
	at uge5.ConstructMe.<init>(ExceptionTest.java:43)
	at uge5.ConstructMe.<init>(ExceptionTest.java:43)
	at uge5.ConstructMe.<init>(ExceptionTest.java:43)
	at uge5.ConstructMe.<init>(ExceptionTest.java:43)
	at uge5.ConstructMe.<init>(ExceptionTest.java:43)
	at uge5.ConstructMe.<init>(ExceptionTest.java:43)
	at uge5.ConstructMe.<init>(ExceptionTest.java:43)
	at uge5.ConstructMe.<init>(ExceptionTest.java:43)
	at uge5.ConstructMe.<init>(ExceptionTest.java:43)
	at uge5.ConstructMe.<init>(ExceptionTest.java:43)
	at uge5.ConstructMe.<init>(ExceptionTest.java:43)
	at uge5.ConstructMe.<init>(ExceptionTest.java:43)
	at uge5.ConstructMe.<init>(ExceptionTest.java:43)
	at uge5.ConstructMe.<init>(ExceptionTest.java:43)
	at uge5.ConstructMe.<init>(ExceptionTest.java:43)
	at uge5.ConstructMe.<init>(ExceptionTest.java:43)
	at uge5.ConstructMe.<init>(ExceptionTest.java:43)
	at uge5.ConstructMe.<init>(ExceptionTest.java:43)
	at uge5.ConstructMe.<init>(ExceptionTest.java:43)
	at uge5.ConstructMe.<init>(ExceptionTest.java:43)
	at uge5.ConstructMe.<init>(ExceptionTest.java:43)
	at uge5.ConstructMe.<init>(ExceptionTest.java:43)
	at uge5.ConstructMe.<init>(ExceptionTest.java:43)
	at uge5.ConstructMe.<init>(ExceptionTest.java:43)
	at uge5.ConstructMe.<init>(ExceptionTest.java:43)
	at uge5.ConstructMe.<init>(ExceptionTest.java:43)
	at uge5.ConstructMe.<init>(ExceptionTest.java:43)
	at uge5.ConstructMe.<init>(ExceptionTest.java:43)
	at uge5.ConstructMe.<init>(ExceptionTest.java:43)
	at uge5.ConstructMe.<init>(ExceptionTest.java:43)
	at uge5.ConstructMe.<init>(ExceptionTest.java:43)
	at uge5.ConstructMe.<init>(ExceptionTest.java:43)
	at uge5.ConstructMe.<init>(ExceptionTest.java:43)
	at uge5.ConstructMe.<init>(ExceptionTest.java:43)
	at uge5.ConstructMe.<init>(ExceptionTest.java:43)
	at uge5.ConstructMe.<init>(ExceptionTest.java:43)
	at uge5.ConstructMe.<init>(ExceptionTest.java:43)
	at uge5.ConstructMe.<init>(ExceptionTest.java:43)
	at uge5.ConstructMe.<init>(ExceptionTest.java:43)
	at uge5.ConstructMe.<init>(ExceptionTest.java:43)
	at uge5.ConstructMe.<init>(ExceptionTest.java:43)
	at uge5.ConstructMe.<init>(ExceptionTest.java:43)
	at uge5.ConstructMe.<init>(ExceptionTest.java:43)
	at uge5.ConstructMe.<init>(ExceptionTest.java:43)
	at uge5.ConstructMe.<init>(ExceptionTest.java:43)
	at uge5.ConstructMe.<init>(ExceptionTest.java:43)
	at uge5.ConstructMe.<init>(ExceptionTest.java:43)
	at uge5.ConstructMe.<init>(ExceptionTest.java:43)
	at uge5.ConstructMe.<init>(ExceptionTest.java:43)
	at uge5.ConstructMe.<init>(ExceptionTest.java:43)
	at uge5.ConstructMe.<init>(ExceptionTest.java:43)
	at uge5.ConstructMe.<init>(ExceptionTest.java:43)
	at uge5.ConstructMe.<init>(ExceptionTest.java:43)
	at uge5.ConstructMe.<init>(ExceptionTest.java:43)
	at uge5.ConstructMe.<init>(ExceptionTest.java:43)
	at uge5.ConstructMe.<init>(ExceptionTest.java:43)
	at uge5.ConstructMe.<init>(ExceptionTest.java:43)
	at uge5.ConstructMe.<init>(ExceptionTest.java:43)
	at uge5.ConstructMe.<init>(ExceptionTest.java:43)
	at uge5.ConstructMe.<init>(ExceptionTest.java:43)
	at uge5.ConstructMe.<init>(ExceptionTest.java:43)
	at uge5.ConstructMe.<init>(ExceptionTest.java:43)
	at uge5.ConstructMe.<init>(ExceptionTest.java:43)
	at uge5.ConstructMe.<init>(ExceptionTest.java:43)
	at uge5.ConstructMe.<init>(ExceptionTest.java:43)
	at uge5.ConstructMe.<init>(ExceptionTest.java:43)
	at uge5.ConstructMe.<init>(ExceptionTest.java:43)
	at uge5.ConstructMe.<init>(ExceptionTest.java:43)
	at uge5.ConstructMe.<init>(ExceptionTest.java:43)
	at uge5.ConstructMe.<init>(ExceptionTest.java:43)
	at uge5.ConstructMe.<init>(ExceptionTest.java:43)
	at uge5.ConstructMe.<init>(ExceptionTest.java:43)
	at uge5.ConstructMe.<init>(ExceptionTest.java:43)
	at uge5.ConstructMe.<init>(ExceptionTest.java:43)
	at uge5.ConstructMe.<init>(ExceptionTest.java:43)
	at uge5.ConstructMe.<init>(ExceptionTest.java:43)
	at uge5.ConstructMe.<init>(ExceptionTest.java:43)
	at uge5.ConstructMe.<init>(ExceptionTest.java:43)
	at uge5.ConstructMe.<init>(ExceptionTest.java:43)
	at uge5.ConstructMe.<init>(ExceptionTest.java:43)
	at uge5.ConstructMe.<init>(ExceptionTest.java:43)
	at uge5.ConstructMe.<init>(ExceptionTest.java:43)
	at uge5.ConstructMe.<init>(ExceptionTest.java:43)
	at uge5.ConstructMe.<init>(ExceptionTest.java:43)
	at uge5.ConstructMe.<init>(ExceptionTest.java:43)
	at uge5.ConstructMe.<init>(ExceptionTest.java:43)
	at uge5.ConstructMe.<init>(ExceptionTest.java:43)
	at uge5.ConstructMe.<init>(ExceptionTest.java:43)
	at uge5.ConstructMe.<init>(ExceptionTest.java:43)
	at uge5.ConstructMe.<init>(ExceptionTest.java:43)
	at uge5.ConstructMe.<init>(ExceptionTest.java:43)
	at uge5.ConstructMe.<init>(ExceptionTest.java:43)
	at uge5.ConstructMe.<init>(ExceptionTest.java:43)
	at uge5.ConstructMe.<init>(ExceptionTest.java:43)
	at uge5.ConstructMe.<init>(ExceptionTest.java:43)
	at uge5.ConstructMe.<init>(ExceptionTest.java:43)
	at uge5.ConstructMe.<init>(ExceptionTest.java:43)
	at uge5.ConstructMe.<init>(ExceptionTest.java:43)
	at uge5.ConstructMe.<init>(ExceptionTest.java:43)
	at uge5.ConstructMe.<init>(ExceptionTest.java:43)
	at uge5.ConstructMe.<init>(ExceptionTest.java:43)
	at uge5.ConstructMe.<init>(ExceptionTest.java:43)
	at uge5.ConstructMe.<init>(ExceptionTest.java:43)
	at uge5.ConstructMe.<init>(ExceptionTest.java:43)
	at uge5.ConstructMe.<init>(ExceptionTest.java:43)
	at uge5.ConstructMe.<init>(ExceptionTest.java:43)
	at uge5.ConstructMe.<init>(ExceptionTest.java:43)
	at uge5.ConstructMe.<init>(ExceptionTest.java:43)
	at uge5.ConstructMe.<init>(ExceptionTest.java:43)
	at uge5.ConstructMe.<init>(ExceptionTest.java:43)
	at uge5.ConstructMe.<init>(ExceptionTest.java:43)
	at uge5.ConstructMe.<init>(ExceptionTest.java:43)
	at uge5.ConstructMe.<init>(ExceptionTest.java:43)
	at uge5.ConstructMe.<init>(ExceptionTest.java:43)
	at uge5.ConstructMe.<init>(ExceptionTest.java:43)
	at uge5.ConstructMe.<init>(ExceptionTest.java:43)
	at uge5.ConstructMe.<init>(ExceptionTest.java:43)
	at uge5.ConstructMe.<init>(ExceptionTest.java:43)
	at uge5.ConstructMe.<init>(ExceptionTest.java:43)
	at uge5.ConstructMe.<init>(ExceptionTest.java:43)
	at uge5.ConstructMe.<init>(ExceptionTest.java:43)
	at uge5.ConstructMe.<init>(ExceptionTest.java:43)
	at uge5.ConstructMe.<init>(ExceptionTest.java:43)
	at uge5.ConstructMe.<init>(ExceptionTest.java:43)
	at uge5.ConstructMe.<init>(ExceptionTest.java:43)
	at uge5.ConstructMe.<init>(ExceptionTest.java:43)
	at uge5.ConstructMe.<init>(ExceptionTest.java:43)
	at uge5.ConstructMe.<init>(ExceptionTest.java:43)
	at uge5.ConstructMe.<init>(ExceptionTest.java:43)
	at uge5.ConstructMe.<init>(ExceptionTest.java:43)
	at uge5.ConstructMe.<init>(ExceptionTest.java:43)
	at uge5.ConstructMe.<init>(ExceptionTest.java:43)
	at uge5.ConstructMe.<init>(ExceptionTest.java:43)
	at uge5.ConstructMe.<init>(ExceptionTest.java:43)
	at uge5.ConstructMe.<init>(ExceptionTest.java:43)
	at uge5.ConstructMe.<init>(ExceptionTest.java:43)
	at uge5.ConstructMe.<init>(ExceptionTest.java:43)
	at uge5.ConstructMe.<init>(ExceptionTest.java:43)
	at uge5.ConstructMe.<init>(ExceptionTest.java:43)
	at uge5.ConstructMe.<init>(ExceptionTest.java:43)
	at uge5.ConstructMe.<init>(ExceptionTest.java:43)
	at uge5.ConstructMe.<init>(ExceptionTest.java:43)
	at uge5.ConstructMe.<init>(ExceptionTest.java:43)
	at uge5.ConstructMe.<init>(ExceptionTest.java:43)
	at uge5.ConstructMe.<init>(ExceptionTest.java:43)
	at uge5.ConstructMe.<init>(ExceptionTest.java:43)
	at uge5.ConstructMe.<init>(ExceptionTest.java:43)
	at uge5.ConstructMe.<init>(ExceptionTest.java:43)
	at uge5.ConstructMe.<init>(ExceptionTest.java:43)
	at uge5.ConstructMe.<init>(ExceptionTest.java:43)
	at uge5.ConstructMe.<init>(ExceptionTest.java:43)
	at uge5.ConstructMe.<init>(ExceptionTest.java:43)
	at uge5.ConstructMe.<init>(ExceptionTest.java:43)
	at uge5.ConstructMe.<init>(ExceptionTest.java:43)
	at uge5.ConstructMe.<init>(ExceptionTest.java:43)
	at uge5.ConstructMe.<init>(ExceptionTest.java:43)
	at uge5.ConstructMe.<init>(ExceptionTest.java:43)
	at uge5.ConstructMe.<init>(ExceptionTest.java:43)
	at uge5.ConstructMe.<init>(ExceptionTest.java:43)
	at uge5.ConstructMe.<init>(ExceptionTest.java:43)
	at uge5.ConstructMe.<init>(ExceptionTest.java:43)
	at uge5.ConstructMe.<init>(ExceptionTest.java:43)
	at uge5.ConstructMe.<init>(ExceptionTest.java:43)
	at uge5.ConstructMe.<init>(ExceptionTest.java:43)
	at uge5.ConstructMe.<init>(ExceptionTest.java:43)
	at uge5.ConstructMe.<init>(ExceptionTest.java:43)
	at uge5.ConstructMe.<init>(ExceptionTest.java:43)
	at uge5.ConstructMe.<init>(ExceptionTest.java:43)
	at uge5.ConstructMe.<init>(ExceptionTest.java:43)
	at uge5.ConstructMe.<init>(ExceptionTest.java:43)
	at uge5.ConstructMe.<init>(ExceptionTest.java:43)
	at uge5.ConstructMe.<init>(ExceptionTest.java:43)
	at uge5.ConstructMe.<init>(ExceptionTest.java:43)
	at uge5.ConstructMe.<init>(ExceptionTest.java:43)
	at uge5.ConstructMe.<init>(ExceptionTest.java:43)
	at uge5.ConstructMe.<init>(ExceptionTest.java:43)
	at uge5.ConstructMe.<init>(ExceptionTest.java:43)
	at uge5.ConstructMe.<init>(ExceptionTest.java:43)
	at uge5.ConstructMe.<init>(ExceptionTest.java:43)
	at uge5.ConstructMe.<init>(ExceptionTest.java:43)
	at uge5.ConstructMe.<init>(ExceptionTest.java:43)
	at uge5.ConstructMe.<init>(ExceptionTest.java:43)
	at uge5.ConstructMe.<init>(ExceptionTest.java:43)
	at uge5.ConstructMe.<init>(ExceptionTest.java:43)
	at uge5.ConstructMe.<init>(ExceptionTest.java:43)
	at uge5.ConstructMe.<init>(ExceptionTest.java:43)
	at uge5.ConstructMe.<init>(ExceptionTest.java:43)
	at uge5.ConstructMe.<init>(ExceptionTest.java:43)
	at uge5.ConstructMe.<init>(ExceptionTest.java:43)
	at uge5.ConstructMe.<init>(ExceptionTest.java:43)
	at uge5.ConstructMe.<init>(ExceptionTest.java:43)
	at uge5.ConstructMe.<init>(ExceptionTest.java:43)
	at uge5.ConstructMe.<init>(ExceptionTest.java:43)
	at uge5.ConstructMe.<init>(ExceptionTest.java:43)
	at uge5.ConstructMe.<init>(ExceptionTest.java:43)
	at uge5.ConstructMe.<init>(ExceptionTest.java:43)
	at uge5.ConstructMe.<init>(ExceptionTest.java:43)
	at uge5.ConstructMe.<init>(ExceptionTest.java:43)
	at uge5.ConstructMe.<init>(ExceptionTest.java:43)
	at uge5.ConstructMe.<init>(ExceptionTest.java:43)
	at uge5.ConstructMe.<init>(ExceptionTest.java:43)
	at uge5.ConstructMe.<init>(ExceptionTest.java:43)
	at uge5.ConstructMe.<init>(ExceptionTest.java:43)
	at uge5.ConstructMe.<init>(ExceptionTest.java:43)
	at uge5.ConstructMe.<init>(ExceptionTest.java:43)
	at uge5.ConstructMe.<init>(ExceptionTest.java:43)
	at uge5.ConstructMe.<init>(ExceptionTest.java:43)
	at uge5.ConstructMe.<init>(ExceptionTest.java:43)
	at uge5.ConstructMe.<init>(ExceptionTest.java:43)
	at uge5.ConstructMe.<init>(ExceptionTest.java:43)
	at uge5.ConstructMe.<init>(ExceptionTest.java:43)
	at uge5.ConstructMe.<init>(ExceptionTest.java:43)
	at uge5.ConstructMe.<init>(ExceptionTest.java:43)
	at uge5.ConstructMe.<init>(ExceptionTest.java:43)
	at uge5.ConstructMe.<init>(ExceptionTest.java:43)
	at uge5.ConstructMe.<init>(ExceptionTest.java:43)
	at uge5.ConstructMe.<init>(ExceptionTest.java:43)
	at uge5.ConstructMe.<init>(ExceptionTest.java:43)
	at uge5.ConstructMe.<init>(ExceptionTest.java:43)
	at uge5.ConstructMe.<init>(ExceptionTest.java:43)
	at uge5.ConstructMe.<init>(ExceptionTest.java:43)
	at uge5.ConstructMe.<init>(ExceptionTest.java:43)
	at uge5.ConstructMe.<init>(ExceptionTest.java:43)
	at uge5.ConstructMe.<init>(ExceptionTest.java:43)
	at uge5.ConstructMe.<init>(ExceptionTest.java:43)
	at uge5.ConstructMe.<init>(ExceptionTest.java:43)
	at uge5.ConstructMe.<init>(ExceptionTest.java:43)
	at uge5.ConstructMe.<init>(ExceptionTest.java:43)
	at uge5.ConstructMe.<init>(ExceptionTest.java:43)
	at uge5.ConstructMe.<init>(ExceptionTest.java:43)
	at uge5.ConstructMe.<init>(ExceptionTest.java:43)
	at uge5.ConstructMe.<init>(ExceptionTest.java:43)
	at uge5.ConstructMe.<init>(ExceptionTest.java:43)
	at uge5.ConstructMe.<init>(ExceptionTest.java:43)
	at uge5.ConstructMe.<init>(ExceptionTest.java:43)
	at uge5.ConstructMe.<init>(ExceptionTest.java:43)
	at uge5.ConstructMe.<init>(ExceptionTest.java:43)
	at uge5.ConstructMe.<init>(ExceptionTest.java:43)
	at uge5.ConstructMe.<init>(ExceptionTest.java:43)
	at uge5.ConstructMe.<init>(ExceptionTest.java:43)
	at uge5.ConstructMe.<init>(ExceptionTest.java:43)
	at uge5.ConstructMe.<init>(ExceptionTest.java:43)
	at uge5.ConstructMe.<init>(ExceptionTest.java:43)
	at uge5.ConstructMe.<init>(ExceptionTest.java:43)
	at uge5.ConstructMe.<init>(ExceptionTest.java:43)
	at uge5.ConstructMe.<init>(ExceptionTest.java:43)
	at uge5.ConstructMe.<init>(ExceptionTest.java:43)
	at uge5.ConstructMe.<init>(ExceptionTest.java:43)
	at uge5.ConstructMe.<init>(ExceptionTest.java:43)
	at uge5.ConstructMe.<init>(ExceptionTest.java:43)
	at uge5.ConstructMe.<init>(ExceptionTest.java:43)
	at uge5.ConstructMe.<init>(ExceptionTest.java:43)
	at uge5.ConstructMe.<init>(ExceptionTest.java:43)
	at uge5.ConstructMe.<init>(ExceptionTest.java:43)
	at uge5.ConstructMe.<init>(ExceptionTest.java:43)
	at uge5.ConstructMe.<init>(ExceptionTest.java:43)
	at uge5.ConstructMe.<init>(ExceptionTest.java:43)
	at uge5.ConstructMe.<init>(ExceptionTest.java:43)
	at uge5.ConstructMe.<init>(ExceptionTest.java:43)
	at uge5.ConstructMe.<init>(ExceptionTest.java:43)
	at uge5.ConstructMe.<init>(ExceptionTest.java:43)
	at uge5.ConstructMe.<init>(ExceptionTest.java:43)
	at uge5.ConstructMe.<init>(ExceptionTest.java:43)
	at uge5.ConstructMe.<init>(ExceptionTest.java:43)
	at uge5.ConstructMe.<init>(ExceptionTest.java:43)
	at uge5.ConstructMe.<init>(ExceptionTest.java:43)
	at uge5.ConstructMe.<init>(ExceptionTest.java:43)
	at uge5.ConstructMe.<init>(ExceptionTest.java:43)
	at uge5.ConstructMe.<init>(ExceptionTest.java:43)
	at uge5.ConstructMe.<init>(ExceptionTest.java:43)
	at uge5.ConstructMe.<init>(ExceptionTest.java:43)
	at uge5.ConstructMe.<init>(ExceptionTest.java:43)
	at uge5.ConstructMe.<init>(ExceptionTest.java:43)
	at uge5.ConstructMe.<init>(ExceptionTest.java:43)
	at uge5.ConstructMe.<init>(ExceptionTest.java:43)
	at uge5.ConstructMe.<init>(ExceptionTest.java:43)
	at uge5.ConstructMe.<init>(ExceptionTest.java:43)
	at uge5.ConstructMe.<init>(ExceptionTest.java:43)
	at uge5.ConstructMe.<init>(ExceptionTest.java:43)
	at uge5.ConstructMe.<init>(ExceptionTest.java:43)
	at uge5.ConstructMe.<init>(ExceptionTest.java:43)
	at uge5.ConstructMe.<init>(ExceptionTest.java:43)
	at uge5.ConstructMe.<init>(ExceptionTest.java:43)
	at uge5.ConstructMe.<init>(ExceptionTest.java:43)
	at uge5.ConstructMe.<init>(ExceptionTest.java:43)
	at uge5.ConstructMe.<init>(ExceptionTest.java:43)
	at uge5.ConstructMe.<init>(ExceptionTest.java:43)
	at uge5.ConstructMe.<init>(ExceptionTest.java:43)
	at uge5.ConstructMe.<init>(ExceptionTest.java:43)
	at uge5.ConstructMe.<init>(ExceptionTest.java:43)
	at uge5.ConstructMe.<init>(ExceptionTest.java:43)
	at uge5.ConstructMe.<init>(ExceptionTest.java:43)
	at uge5.ConstructMe.<init>(ExceptionTest.java:43)
	at uge5.ConstructMe.<init>(ExceptionTest.java:43)
	at uge5.ConstructMe.<init>(ExceptionTest.java:43)
	at uge5.ConstructMe.<init>(ExceptionTest.java:43)
	at uge5.ConstructMe.<init>(ExceptionTest.java:43)
	at uge5.ConstructMe.<init>(ExceptionTest.java:43)
	at uge5.ConstructMe.<init>(ExceptionTest.java:43)
	at uge5.ConstructMe.<init>(ExceptionTest.java:43)
	at uge5.ConstructMe.<init>(ExceptionTest.java:43)
	at uge5.ConstructMe.<init>(ExceptionTest.java:43)
	at uge5.ConstructMe.<init>(ExceptionTest.java:43)
	at uge5.ConstructMe.<init>(ExceptionTest.java:43)
	at uge5.ConstructMe.<init>(ExceptionTest.java:43)
	at uge5.ConstructMe.<init>(ExceptionTest.java:43)
	at uge5.ConstructMe.<init>(ExceptionTest.java:43)
	at uge5.ConstructMe.<init>(ExceptionTest.java:43)
	at uge5.ConstructMe.<init>(ExceptionTest.java:43)
	at uge5.ConstructMe.<init>(ExceptionTest.java:43)
	at uge5.ConstructMe.<init>(ExceptionTest.java:43)
	at uge5.ConstructMe.<init>(ExceptionTest.java:43)
	at uge5.ConstructMe.<init>(ExceptionTest.java:43)
	at uge5.ConstructMe.<init>(ExceptionTest.java:43)
	at uge5.ConstructMe.<init>(ExceptionTest.java:43)
	at uge5.ConstructMe.<init>(ExceptionTest.java:43)
	at uge5.ConstructMe.<init>(ExceptionTest.java:43)
	at uge5.ConstructMe.<init>(ExceptionTest.java:43)
	at uge5.ConstructMe.<init>(ExceptionTest.java:43)
	at uge5.ConstructMe.<init>(ExceptionTest.java:43)
	at uge5.ConstructMe.<init>(ExceptionTest.java:43)
	at uge5.ConstructMe.<init>(ExceptionTest.java:43)
	at uge5.ConstructMe.<init>(ExceptionTest.java:43)
	at uge5.ConstructMe.<init>(ExceptionTest.java:43)
	at uge5.ConstructMe.<init>(ExceptionTest.java:43)
	at uge5.ConstructMe.<init>(ExceptionTest.java:43)
	at uge5.ConstructMe.<init>(ExceptionTest.java:43)
	at uge5.ConstructMe.<init>(ExceptionTest.java:43)
	at uge5.ConstructMe.<init>(ExceptionTest.java:43)
	at uge5.ConstructMe.<init>(ExceptionTest.java:43)
	at uge5.ConstructMe.<init>(ExceptionTest.java:43)
	at uge5.ConstructMe.<init>(ExceptionTest.java:43)
	at uge5.ConstructMe.<init>(ExceptionTest.java:43)
	at uge5.ConstructMe.<init>(ExceptionTest.java:43)
	at uge5.ConstructMe.<init>(ExceptionTest.java:43)
	at uge5.ConstructMe.<init>(ExceptionTest.java:43)
	at uge5.ConstructMe.<init>(ExceptionTest.java:43)
	at uge5.ConstructMe.<init>(ExceptionTest.java:43)
	at uge5.ConstructMe.<init>(ExceptionTest.java:43)
	at uge5.ConstructMe.<init>(ExceptionTest.java:43)
	at uge5.ConstructMe.<init>(ExceptionTest.java:43)
	at uge5.ConstructMe.<init>(ExceptionTest.java:43)
	at uge5.ConstructMe.<init>(ExceptionTest.java:43)
	at uge5.ConstructMe.<init>(ExceptionTest.java:43)
	at uge5.ConstructMe.<init>(ExceptionTest.java:43)
	at uge5.ConstructMe.<init>(ExceptionTest.java:43)
	at uge5.ConstructMe.<init>(ExceptionTest.java:43)
	at uge5.ConstructMe.<init>(ExceptionTest.java:43)
	at uge5.ConstructMe.<init>(ExceptionTest.java:43)
	at uge5.ConstructMe.<init>(ExceptionTest.java:43)
	at uge5.ConstructMe.<init>(ExceptionTest.java:43)
	at uge5.ConstructMe.<init>(ExceptionTest.java:43)
	at uge5.ConstructMe.<init>(ExceptionTest.java:43)
	at uge5.ConstructMe.<init>(ExceptionTest.java:43)
	at uge5.ConstructMe.<init>(ExceptionTest.java:43)
	at uge5.ConstructMe.<init>(ExceptionTest.java:43)
	at uge5.ConstructMe.<init>(ExceptionTest.java:43)
	at uge5.ConstructMe.<init>(ExceptionTest.java:43)
	at uge5.ConstructMe.<init>(ExceptionTest.java:43)
	at uge5.ConstructMe.<init>(ExceptionTest.java:43)
	at uge5.ConstructMe.<init>(ExceptionTest.java:43)
	at uge5.ConstructMe.<init>(ExceptionTest.java:43)
	at uge5.ConstructMe.<init>(ExceptionTest.java:43)
	at uge5.ConstructMe.<init>(ExceptionTest.java:43)
	at uge5.ConstructMe.<init>(ExceptionTest.java:43)
	at uge5.ConstructMe.<init>(ExceptionTest.java:43)
	at uge5.ConstructMe.<init>(ExceptionTest.java:43)
	at uge5.ConstructMe.<init>(ExceptionTest.java:43)
	at uge5.ConstructMe.<init>(ExceptionTest.java:43)
	at uge5.ConstructMe.<init>(ExceptionTest.java:43)
	at uge5.ConstructMe.<init>(ExceptionTest.java:43)
	at uge5.ConstructMe.<init>(ExceptionTest.java:43)
	at uge5.ConstructMe.<init>(ExceptionTest.java:43)
	at uge5.ConstructMe.<init>(ExceptionTest.java:43)
	at uge5.ConstructMe.<init>(ExceptionTest.java:43)
	at uge5.ConstructMe.<init>(ExceptionTest.java:43)
	at uge5.ConstructMe.<init>(ExceptionTest.java:43)
	at uge5.ConstructMe.<init>(ExceptionTest.java:43)
	at uge5.ConstructMe.<init>(ExceptionTest.java:43)
	at uge5.ConstructMe.<init>(ExceptionTest.java:43)
	at uge5.ConstructMe.<init>(ExceptionTest.java:43)
	at uge5.ConstructMe.<init>(ExceptionTest.java:43)
	at uge5.ConstructMe.<init>(ExceptionTest.java:43)
	at uge5.ConstructMe.<init>(ExceptionTest.java:43)
	at uge5.ConstructMe.<init>(ExceptionTest.java:43)
	at uge5.ConstructMe.<init>(ExceptionTest.java:43)
	at uge5.ConstructMe.<init>(ExceptionTest.java:43)
	at uge5.ConstructMe.<init>(ExceptionTest.java:43)
	at uge5.ConstructMe.<init>(ExceptionTest.java:43)
	at uge5.ConstructMe.<init>(ExceptionTest.java:43)
	at uge5.ConstructMe.<init>(ExceptionTest.java:43)
	at uge5.ConstructMe.<init>(ExceptionTest.java:43)
	at uge5.ConstructMe.<init>(ExceptionTest.java:43)
	at uge5.ConstructMe.<init>(ExceptionTest.java:43)
	at uge5.ConstructMe.<init>(ExceptionTest.java:43)
	at uge5.ConstructMe.<init>(ExceptionTest.java:43)
	at uge5.ConstructMe.<init>(ExceptionTest.java:43)
	at uge5.ConstructMe.<init>(ExceptionTest.java:43)
	at uge5.ConstructMe.<init>(ExceptionTest.java:43)
	at uge5.ConstructMe.<init>(ExceptionTest.java:43)
	at uge5.ConstructMe.<init>(ExceptionTest.java:43)
	at uge5.ConstructMe.<init>(ExceptionTest.java:43)
	at uge5.ConstructMe.<init>(ExceptionTest.java:43)
	at uge5.ConstructMe.<init>(ExceptionTest.java:43)
	at uge5.ConstructMe.<init>(ExceptionTest.java:43)
	at uge5.ConstructMe.<init>(ExceptionTest.java:43)
	at uge5.ConstructMe.<init>(ExceptionTest.java:43)
	at uge5.ConstructMe.<init>(ExceptionTest.java:43)
	at uge5.ConstructMe.<init>(ExceptionTest.java:43)
	at uge5.ConstructMe.<init>(ExceptionTest.java:43)
	at uge5.ConstructMe.<init>(ExceptionTest.java:43)
	at uge5.ConstructMe.<init>(ExceptionTest.java:43)
	at uge5.ConstructMe.<init>(ExceptionTest.java:43)
	at uge5.ConstructMe.<init>(ExceptionTest.java:43)
	at uge5.ConstructMe.<init>(ExceptionTest.java:43)
	at uge5.ConstructMe.<init>(ExceptionTest.java:43)
	at uge5.ConstructMe.<init>(ExceptionTest.java:43)
	at uge5.ConstructMe.<init>(ExceptionTest.java:43)
	at uge5.ConstructMe.<init>(ExceptionTest.java:43)
	at uge5.ConstructMe.<init>(ExceptionTest.java:43)
	at uge5.ConstructMe.<init>(ExceptionTest.java:43)
	at uge5.ConstructMe.<init>(ExceptionTest.java:43)
	at uge5.ConstructMe.<init>(ExceptionTest.java:43)
	at uge5.ConstructMe.<init>(ExceptionTest.java:43)
	at uge5.ConstructMe.<init>(ExceptionTest.java:43)
	at uge5.ConstructMe.<init>(ExceptionTest.java:43)
	at uge5.ConstructMe.<init>(ExceptionTest.java:43)
	at uge5.ConstructMe.<init>(ExceptionTest.java:43)
	at uge5.ConstructMe.<init>(ExceptionTest.java:43)
	at uge5.ConstructMe.<init>(ExceptionTest.java:43)
	at uge5.ConstructMe.<init>(ExceptionTest.java:43)
	at uge5.ConstructMe.<init>(ExceptionTest.java:43)
	at uge5.ConstructMe.<init>(ExceptionTest.java:43)
	at uge5.ConstructMe.<init>(ExceptionTest.java:43)
	at uge5.ConstructMe.<init>(ExceptionTest.java:43)
	at uge5.ConstructMe.<init>(ExceptionTest.java:43)
	at uge5.ConstructMe.<init>(ExceptionTest.java:43)
	at uge5.ConstructMe.<init>(ExceptionTest.java:43)
	at uge5.ConstructMe.<init>(ExceptionTest.java:43)
	at uge5.ConstructMe.<init>(ExceptionTest.java:43)
	at uge5.ConstructMe.<init>(ExceptionTest.java:43)
	at uge5.ConstructMe.<init>(ExceptionTest.java:43)
	at uge5.ConstructMe.<init>(ExceptionTest.java:43)
	at uge5.ConstructMe.<init>(ExceptionTest.java:43)
	at uge5.ConstructMe.<init>(ExceptionTest.java:43)
	at uge5.ConstructMe.<init>(ExceptionTest.java:43)
	at uge5.ConstructMe.<init>(ExceptionTest.java:43)
	at uge5.ConstructMe.<init>(ExceptionTest.java:43)
	at uge5.ConstructMe.<init>(ExceptionTest.java:43)
	at uge5.ConstructMe.<init>(ExceptionTest.java:43)
	at uge5.ConstructMe.<init>(ExceptionTest.java:43)
	at uge5.ConstructMe.<init>(ExceptionTest.java:43)
	at uge5.ConstructMe.<init>(ExceptionTest.java:43)
	at uge5.ConstructMe.<init>(ExceptionTest.java:43)
	at uge5.ConstructMe.<init>(ExceptionTest.java:43)
	at uge5.ConstructMe.<init>(ExceptionTest.java:43)
	at uge5.ConstructMe.<init>(ExceptionTest.java:43)
	at uge5.ConstructMe.<init>(ExceptionTest.java:43)
	at uge5.ConstructMe.<init>(ExceptionTest.java:43)
	at uge5.ConstructMe.<init>(ExceptionTest.java:43)
	at uge5.ConstructMe.<init>(ExceptionTest.java:43)
	at uge5.ConstructMe.<init>(ExceptionTest.java:43)
	at uge5.ConstructMe.<init>(ExceptionTest.java:43)
	at uge5.ConstructMe.<init>(ExceptionTest.java:43)
	at uge5.ConstructMe.<init>(ExceptionTest.java:43)
	at uge5.ConstructMe.<init>(ExceptionTest.java:43)
	at uge5.ConstructMe.<init>(ExceptionTest.java:43)
	at uge5.ConstructMe.<init>(ExceptionTest.java:43)
	at uge5.ConstructMe.<init>(ExceptionTest.java:43)
	at uge5.ConstructMe.<init>(ExceptionTest.java:43)
	at uge5.ConstructMe.<init>(ExceptionTest.java:43)
	at uge5.ConstructMe.<init>(ExceptionTest.java:43)
	at uge5.ConstructMe.<init>(ExceptionTest.java:43)
	at uge5.ConstructMe.<init>(ExceptionTest.java:43)
	at uge5.ConstructMe.<init>(ExceptionTest.java:43)
	at uge5.ConstructMe.<init>(ExceptionTest.java:43)
	at uge5.ConstructMe.<init>(ExceptionTest.java:43)
	at uge5.ConstructMe.<init>(ExceptionTest.java:43)
	at uge5.ConstructMe.<init>(ExceptionTest.java:43)
	at uge5.ConstructMe.<init>(ExceptionTest.java:43)
	at uge5.ConstructMe.<init>(ExceptionTest.java:43)
	at uge5.ConstructMe.<init>(ExceptionTest.java:43)
	at uge5.ConstructMe.<init>(ExceptionTest.java:43)
	at uge5.ConstructMe.<init>(ExceptionTest.java:43)
	at uge5.ConstructMe.<init>(ExceptionTest.java:43)
	at uge5.ConstructMe.<init>(ExceptionTest.java:43)
	at uge5.ConstructMe.<init>(ExceptionTest.java:43)
	at uge5.ConstructMe.<init>(ExceptionTest.java:43)
	at uge5.ConstructMe.<init>(ExceptionTest.java:43)
	at uge5.ConstructMe.<init>(ExceptionTest.java:43)
	at uge5.ConstructMe.<init>(ExceptionTest.java:43)
	at uge5.ConstructMe.<init>(ExceptionTest.java:43)
	at uge5.ConstructMe.<init>(ExceptionTest.java:43)
	at uge5.ConstructMe.<init>(ExceptionTest.java:43)
	at uge5.ConstructMe.<init>(ExceptionTest.java:43)
	at uge5.ConstructMe.<init>(ExceptionTest.java:43)
	at uge5.ConstructMe.<init>(ExceptionTest.java:43)
	at uge5.ConstructMe.<init>(ExceptionTest.java:43)
	at uge5.ConstructMe.<init>(ExceptionTest.java:43)
	at uge5.ConstructMe.<init>(ExceptionTest.java:43)
	at uge5.ConstructMe.<init>(ExceptionTest.java:43)
	at uge5.ConstructMe.<init>(ExceptionTest.java:43)
	at uge5.ConstructMe.<init>(ExceptionTest.java:43)
	at uge5.ConstructMe.<init>(ExceptionTest.java:43)
	at uge5.ConstructMe.<init>(ExceptionTest.java:43)
	at uge5.ConstructMe.<init>(ExceptionTest.java:43)
	at uge5.ConstructMe.<init>(ExceptionTest.java:43)
	at uge5.ConstructMe.<init>(ExceptionTest.java:43)
	at uge5.ConstructMe.<init>(ExceptionTest.java:43)
	at uge5.ConstructMe.<init>(ExceptionTest.java:43)
	at uge5.ConstructMe.<init>(ExceptionTest.java:43)
	at uge5.ConstructMe.<init>(ExceptionTest.java:43)
	at uge5.ConstructMe.<init>(ExceptionTest.java:43)
	at uge5.ConstructMe.<init>(ExceptionTest.java:43)
	at uge5.ConstructMe.<init>(ExceptionTest.java:43)
	at uge5.ConstructMe.<init>(ExceptionTest.java:43)
	at uge5.ConstructMe.<init>(ExceptionTest.java:43)
	at uge5.ConstructMe.<init>(ExceptionTest.java:43)
	at uge5.ConstructMe.<init>(ExceptionTest.java:43)
	at uge5.ConstructMe.<init>(ExceptionTest.java:43)
	at uge5.ConstructMe.<init>(ExceptionTest.java:43)
	at uge5.ConstructMe.<init>(ExceptionTest.java:43)
	at uge5.ConstructMe.<init>(ExceptionTest.java:43)
	at uge5.ConstructMe.<init>(ExceptionTest.java:43)
	at uge5.ConstructMe.<init>(ExceptionTest.java:43)
	at uge5.ConstructMe.<init>(ExceptionTest.java:43)
	at uge5.ConstructMe.<init>(ExceptionTest.java:43)
	at uge5.ConstructMe.<init>(ExceptionTest.java:43)
	at uge5.ConstructMe.<init>(ExceptionTest.java:43)
	at uge5.ConstructMe.<init>(ExceptionTest.java:43)
	at uge5.ConstructMe.<init>(ExceptionTest.java:43)
	at uge5.ConstructMe.<init>(ExceptionTest.java:43)
	at uge5.ConstructMe.<init>(ExceptionTest.java:43)
	at uge5.ConstructMe.<init>(ExceptionTest.java:43)
	at uge5.ConstructMe.<init>(ExceptionTest.java:43)
	at uge5.ConstructMe.<init>(ExceptionTest.java:43)
	at uge5.ConstructMe.<init>(ExceptionTest.java:43)
	at uge5.ConstructMe.<init>(ExceptionTest.java:43)
	at uge5.ConstructMe.<init>(ExceptionTest.java:43)
	at uge5.ConstructMe.<init>(ExceptionTest.java:43)
	at uge5.ConstructMe.<init>(ExceptionTest.java:43)
	at uge5.ConstructMe.<init>(ExceptionTest.java:43)
	at uge5.ConstructMe.<init>(ExceptionTest.java:43)
	at uge5.ConstructMe.<init>(ExceptionTest.java:43)
	at uge5.ConstructMe.<init>(ExceptionTest.java:43)
	at uge5.ConstructMe.<init>(ExceptionTest.java:43)
	at uge5.ConstructMe.<init>(ExceptionTest.java:43)
	at uge5.ConstructMe.<init>(ExceptionTest.java:43)
	at uge5.ConstructMe.<init>(ExceptionTest.java:43)
	at uge5.ConstructMe.<init>(ExceptionTest.java:43)
	at uge5.ConstructMe.<init>(ExceptionTest.java:43)
	at uge5.ConstructMe.<init>(ExceptionTest.java:43)
	at uge5.ConstructMe.<init>(ExceptionTest.java:43)
	at uge5.ConstructMe.<init>(ExceptionTest.java:43)
	at uge5.ConstructMe.<init>(ExceptionTest.java:43)
	at uge5.ConstructMe.<init>(ExceptionTest.java:43)
	at uge5.ConstructMe.<init>(ExceptionTest.java:43)
	at uge5.ConstructMe.<init>(ExceptionTest.java:43)
	at uge5.ConstructMe.<init>(ExceptionTest.java:43)
	at uge5.ConstructMe.<init>(ExceptionTest.java:43)
	at uge5.ConstructMe.<init>(ExceptionTest.java:43)
	at uge5.ConstructMe.<init>(ExceptionTest.java:43)
	at uge5.ConstructMe.<init>(ExceptionTest.java:43)
	at uge5.ConstructMe.<init>(ExceptionTest.java:43)
	at uge5.ConstructMe.<init>(ExceptionTest.java:43)
	at uge5.ConstructMe.<init>(ExceptionTest.java:43)
	at uge5.ConstructMe.<init>(ExceptionTest.java:43)
	at uge5.ConstructMe.<init>(ExceptionTest.java:43)
	at uge5.ConstructMe.<init>(ExceptionTest.java:43)
	at uge5.ConstructMe.<init>(ExceptionTest.java:43)
	at uge5.ConstructMe.<init>(ExceptionTest.java:43)
	at uge5.ConstructMe.<init>(ExceptionTest.java:43)
	at uge5.ConstructMe.<init>(ExceptionTest.java:43)
	at uge5.ConstructMe.<init>(ExceptionTest.java:43)
	at uge5.ConstructMe.<init>(ExceptionTest.java:43)
	at uge5.ConstructMe.<init>(ExceptionTest.java:43)
	at uge5.ConstructMe.<init>(ExceptionTest.java:43)
	at uge5.ConstructMe.<init>(ExceptionTest.java:43)
	at uge5.ConstructMe.<init>(ExceptionTest.java:43)
	at uge5.ConstructMe.<init>(ExceptionTest.java:43)
	at uge5.ConstructMe.<init>(ExceptionTest.java:43)
	at uge5.ConstructMe.<init>(ExceptionTest.java:43)
	at uge5.ConstructMe.<init>(ExceptionTest.java:43)
	at uge5.ConstructMe.<init>(ExceptionTest.java:43)
	at uge5.ConstructMe.<init>(ExceptionTest.java:43)
	at uge5.ConstructMe.<init>(ExceptionTest.java:43)
	at uge5.ConstructMe.<init>(ExceptionTest.java:43)
	at uge5.ConstructMe.<init>(ExceptionTest.java:43)
	at uge5.ConstructMe.<init>(ExceptionTest.java:43)
	at uge5.ConstructMe.<init>(ExceptionTest.java:43)
	at uge5.ConstructMe.<init>(ExceptionTest.java:43)
	at uge5.ConstructMe.<init>(ExceptionTest.java:43)
	at uge5.ConstructMe.<init>(ExceptionTest.java:43)
	at uge5.ConstructMe.<init>(ExceptionTest.java:43)
	at uge5.ConstructMe.<init>(ExceptionTest.java:43)
	at uge5.ConstructMe.<init>(ExceptionTest.java:43)
	at uge5.ConstructMe.<init>(ExceptionTest.java:43)
	at uge5.ConstructMe.<init>(ExceptionTest.java:43)
	at uge5.ConstructMe.<init>(ExceptionTest.java:43)
	at uge5.ConstructMe.<init>(ExceptionTest.java:43)
	at uge5.ConstructMe.<init>(ExceptionTest.java:43)
	at uge5.ConstructMe.<init>(ExceptionTest.java:43)
	at uge5.ConstructMe.<init>(ExceptionTest.java:43)
	at uge5.ConstructMe.<init>(ExceptionTest.java:43)
	at uge5.ConstructMe.<init>(ExceptionTest.java:43)
	at uge5.ConstructMe.<init>(ExceptionTest.java:43)
	at uge5.ConstructMe.<init>(ExceptionTest.java:43)
	at uge5.ConstructMe.<init>(ExceptionTest.java:43)
	at uge5.ConstructMe.<init>(ExceptionTest.java:43)
	at uge5.ConstructMe.<init>(ExceptionTest.java:43)
	at uge5.ConstructMe.<init>(ExceptionTest.java:43)
	at uge5.ConstructMe.<init>(ExceptionTest.java:43)
	at uge5.ConstructMe.<init>(ExceptionTest.java:43)
	at uge5.ConstructMe.<init>(ExceptionTest.java:43)
	at uge5.ConstructMe.<init>(ExceptionTest.java:43)
	at uge5.ConstructMe.<init>(ExceptionTest.java:43)
	at uge5.ConstructMe.<init>(ExceptionTest.java:43)
	at uge5.ConstructMe.<init>(ExceptionTest.java:43)
	at uge5.ConstructMe.<init>(ExceptionTest.java:43)
	at uge5.ConstructMe.<init>(ExceptionTest.java:43)
	at uge5.ConstructMe.<init>(ExceptionTest.java:43)
	at uge5.ConstructMe.<init>(ExceptionTest.java:43)
	at uge5.ConstructMe.<init>(ExceptionTest.java:43)
	at uge5.ConstructMe.<init>(ExceptionTest.java:43)
	at uge5.ConstructMe.<init>(ExceptionTest.java:43)
	at uge5.ConstructMe.<init>(ExceptionTest.java:43)
	at uge5.ConstructMe.<init>(ExceptionTest.java:43)
	at uge5.ConstructMe.<init>(ExceptionTest.java:43)
	at uge5.ConstructMe.<init>(ExceptionTest.java:43)
	at uge5.ConstructMe.<init>(ExceptionTest.java:43)
	at uge5.ConstructMe.<init>(ExceptionTest.java:43)
	at uge5.ConstructMe.<init>(ExceptionTest.java:43)
	at uge5.ConstructMe.<init>(ExceptionTest.java:43)
	at uge5.ConstructMe.<init>(ExceptionTest.java:43)
	at uge5.ConstructMe.<init>(ExceptionTest.java:43)
	at uge5.ConstructMe.<init>(ExceptionTest.java:43)
	at uge5.ConstructMe.<init>(ExceptionTest.java:43)
	at uge5.ConstructMe.<init>(ExceptionTest.java:43)
	at uge5.ConstructMe.<init>(ExceptionTest.java:43)
	at uge5.ConstructMe.<init>(ExceptionTest.java:43)
	at uge5.ConstructMe.<init>(ExceptionTest.java:43)
	at uge5.ConstructMe.<init>(ExceptionTest.java:43)
	at uge5.ConstructMe.<init>(ExceptionTest.java:43)
	at uge5.ConstructMe.<init>(ExceptionTest.java:43)
	at uge5.ConstructMe.<init>(ExceptionTest.java:43)
	at uge5.ConstructMe.<init>(ExceptionTest.java:43)
	at uge5.ConstructMe.<init>(ExceptionTest.java:43)
	at uge5.ConstructMe.<init>(ExceptionTest.java:43)
	at uge5.ConstructMe.<init>(ExceptionTest.java:43)
	at uge5.ConstructMe.<init>(ExceptionTest.java:43)
	at uge5.ConstructMe.<init>(ExceptionTest.java:43)
	at uge5.ConstructMe.<init>(ExceptionTest.java:43)
	at uge5.ConstructMe.<init>(ExceptionTest.java:43)
	at uge5.ConstructMe.<init>(ExceptionTest.java:43)
	at uge5.ConstructMe.<init>(ExceptionTest.java:43)
	at uge5.ConstructMe.<init>(ExceptionTest.java:43)
	at uge5.ConstructMe.<init>(ExceptionTest.java:43)
	at uge5.ConstructMe.<init>(ExceptionTest.java:43)
	at uge5.ConstructMe.<init>(ExceptionTest.java:43)
	at uge5.ConstructMe.<init>(ExceptionTest.java:43)
	at uge5.ConstructMe.<init>(ExceptionTest.java:43)
	at uge5.ConstructMe.<init>(ExceptionTest.java:43)
	at uge5.ConstructMe.<init>(ExceptionTest.java:43)
	at uge5.ConstructMe.<init>(ExceptionTest.java:43)
	at uge5.ConstructMe.<init>(ExceptionTest.java:43)
	at uge5.ConstructMe.<init>(ExceptionTest.java:43)
	at uge5.ConstructMe.<init>(ExceptionTest.java:43)
	at uge5.ConstructMe.<init>(ExceptionTest.java:43)
	at uge5.ConstructMe.<init>(ExceptionTest.java:43)
	at uge5.ConstructMe.<init>(ExceptionTest.java:43)
	at uge5.ConstructMe.<init>(ExceptionTest.java:43)
	at uge5.ConstructMe.<init>(ExceptionTest.java:43)
	at uge5.ConstructMe.<init>(ExceptionTest.java:43)
	at uge5.ConstructMe.<init>(ExceptionTest.java:43)
	at uge5.ConstructMe.<init>(ExceptionTest.java:43)
	at uge5.ConstructMe.<init>(ExceptionTest.java:43)
	at uge5.ConstructMe.<init>(ExceptionTest.java:43)
	at uge5.ConstructMe.<init>(ExceptionTest.java:43)
	at uge5.ConstructMe.<init>(ExceptionTest.java:43)
	at uge5.ConstructMe.<init>(ExceptionTest.java:43)
	at uge5.ConstructMe.<init>(ExceptionTest.java:43)
	at uge5.ConstructMe.<init>(ExceptionTest.java:43)
	at uge5.ConstructMe.<init>(ExceptionTest.java:43)
	at uge5.ConstructMe.<init>(ExceptionTest.java:43)
	at uge5.ConstructMe.<init>(ExceptionTest.java:43)
	at uge5.ConstructMe.<init>(ExceptionTest.java:43)
	at uge5.ConstructMe.<init>(ExceptionTest.java:43)
	at uge5.ConstructMe.<init>(ExceptionTest.java:43)
	at uge5.ConstructMe.<init>(ExceptionTest.java:43)
	at uge5.ConstructMe.<init>(ExceptionTest.java:43)
	at uge5.ConstructMe.<init>(ExceptionTest.java:43)
	at uge5.ConstructMe.<init>(ExceptionTest.java:43)
	at uge5.ConstructMe.<init>(ExceptionTest.java:43)
	at uge5.ConstructMe.<init>(ExceptionTest.java:43)
	at uge5.ConstructMe.<init>(ExceptionTest.java:43)
	at uge5.ConstructMe.<init>(ExceptionTest.java:43)
	at uge5.ConstructMe.<init>(ExceptionTest.java:43)
	at uge5.ConstructMe.<init>(ExceptionTest.java:43)
	at uge5.ConstructMe.<init>(ExceptionTest.java:43)
	at uge5.ConstructMe.<init>(ExceptionTest.java:43)
	at uge5.ConstructMe.<init>(ExceptionTest.java:43)
	at uge5.ConstructMe.<init>(ExceptionTest.java:43)
	at uge5.ConstructMe.<init>(ExceptionTest.java:43)
	at uge5.ConstructMe.<init>(ExceptionTest.java:43)
	at uge5.ConstructMe.<init>(ExceptionTest.java:43)
	at uge5.ConstructMe.<init>(ExceptionTest.java:43)
	at uge5.ConstructMe.<init>(ExceptionTest.java:43)
	at uge5.ConstructMe.<init>(ExceptionTest.java:43)
	at uge5.ConstructMe.<init>(ExceptionTest.java:43)
	at uge5.ConstructMe.<init>(ExceptionTest.java:43)
	at uge5.ConstructMe.<init>(ExceptionTest.java:43)
	at uge5.ConstructMe.<init>(ExceptionTest.java:43)
	at uge5.ConstructMe.<init>(ExceptionTest.java:43)
	at uge5.ConstructMe.<init>(ExceptionTest.java:43)
	at uge5.ConstructMe.<init>(ExceptionTest.java:43)
	at uge5.ConstructMe.<init>(ExceptionTest.java:43)
	at uge5.ConstructMe.<init>(ExceptionTest.java:43)
	at uge5.ConstructMe.<init>(ExceptionTest.java:43)
	at uge5.ConstructMe.<init>(ExceptionTest.java:43)
	at uge5.ConstructMe.<init>(ExceptionTest.java:43)
	at uge5.ConstructMe.<init>(ExceptionTest.java:43)
	at uge5.ConstructMe.<init>(ExceptionTest.java:43)
	at uge5.ConstructMe.<init>(ExceptionTest.java:43)
	at uge5.ConstructMe.<init>(ExceptionTest.java:43)
	at uge5.ConstructMe.<init>(ExceptionTest.java:43)
	at uge5.ConstructMe.<init>(ExceptionTest.java:43)
	at uge5.ConstructMe.<init>(ExceptionTest.java:43)
	at uge5.ConstructMe.<init>(ExceptionTest.java:43)
	at uge5.ConstructMe.<init>(ExceptionTest.java:43)
	at uge5.ConstructMe.<init>(ExceptionTest.java:43)
	at uge5.ConstructMe.<init>(ExceptionTest.java:43)
	at uge5.ConstructMe.<init>(ExceptionTest.java:43)
	at uge5.ConstructMe.<init>(ExceptionTest.java:43)
	at uge5.ConstructMe.<init>(ExceptionTest.java:43)
	at uge5.ConstructMe.<init>(ExceptionTest.java:43)
	at uge5.ConstructMe.<init>(ExceptionTest.java:43)
	at uge5.ConstructMe.<init>(ExceptionTest.java:43)
	at uge5.ConstructMe.<init>(ExceptionTest.java:43)
	at uge5.ConstructMe.<init>(ExceptionTest.java:43)
	at uge5.ConstructMe.<init>(ExceptionTest.java:43)
	at uge5.ConstructMe.<init>(ExceptionTest.java:43)
	at uge5.ConstructMe.<init>(ExceptionTest.java:43)
	at uge5.ConstructMe.<init>(ExceptionTest.java:43)
	at uge5.ConstructMe.<init>(ExceptionTest.java:43)
	at uge5.ConstructMe.<init>(ExceptionTest.java:43)
	at uge5.ConstructMe.<init>(ExceptionTest.java:43)
	at uge5.ConstructMe.<init>(ExceptionTest.java:43)
	at uge5.ConstructMe.<init>(ExceptionTest.java:43)
	at uge5.ConstructMe.<init>(ExceptionTest.java:43)
	at uge5.ConstructMe.<init>(ExceptionTest.java:43)
	at uge5.ConstructMe.<init>(ExceptionTest.java:43)
	at uge5.ConstructMe.<init>(ExceptionTest.java:43)
	at uge5.ConstructMe.<init>(ExceptionTest.java:43)
	at uge5.ConstructMe.<init>(ExceptionTest.java:43)
	at uge5.ConstructMe.<init>(ExceptionTest.java:43)
	at uge5.ConstructMe.<init>(ExceptionTest.java:43)
	at uge5.ConstructMe.<init>(ExceptionTest.java:43)
	at uge5.ConstructMe.<init>(ExceptionTest.java:43)
	at uge5.ConstructMe.<init>(ExceptionTest.java:43)
	at uge5.ConstructMe.<init>(ExceptionTest.java:43)
	at uge5.ConstructMe.<init>(ExceptionTest.java:43)
	at uge5.ConstructMe.<init>(ExceptionTest.java:43)
	at uge5.ConstructMe.<init>(ExceptionTest.java:43)
	at uge5.ConstructMe.<init>(ExceptionTest.java:43)
	at uge5.ConstructMe.<init>(ExceptionTest.java:43)
	at uge5.ConstructMe.<init>(ExceptionTest.java:43)
	at uge5.ConstructMe.<init>(ExceptionTest.java:43)
	at uge5.ConstructMe.<init>(ExceptionTest.java:43)
	at uge5.ConstructMe.<init>(ExceptionTest.java:43)
	at uge5.ConstructMe.<init>(ExceptionTest.java:43)
	at uge5.ConstructMe.<init>(ExceptionTest.java:43)
	at uge5.ConstructMe.<init>(ExceptionTest.java:43)
	at uge5.ConstructMe.<init>(ExceptionTest.java:43)
	at uge5.ConstructMe.<init>(ExceptionTest.java:43)
	at uge5.ConstructMe.<init>(ExceptionTest.java:43)
	at uge5.ConstructMe.<init>(ExceptionTest.java:43)
	at uge5.ConstructMe.<init>(ExceptionTest.java:43)
	at uge5.ConstructMe.<init>(ExceptionTest.java:43)
	at uge5.ConstructMe.<init>(ExceptionTest.java:43)
	at uge5.ConstructMe.<init>(ExceptionTest.java:43)
	at uge5.ConstructMe.<init>(ExceptionTest.java:43)
	at uge5.ConstructMe.<init>(ExceptionTest.java:43)
	at uge5.ConstructMe.<init>(ExceptionTest.java:43)
	at uge5.ConstructMe.<init>(ExceptionTest.java:43)
	at uge5.ConstructMe.<init>(ExceptionTest.java:43)
	at uge5.ConstructMe.<init>(ExceptionTest.java:43)
	at uge5.ConstructMe.<init>(ExceptionTest.java:43)
	at uge5.ConstructMe.<init>(ExceptionTest.java:43)
	at uge5.ConstructMe.<init>(ExceptionTest.java:43)
	at uge5.ConstructMe.<init>(ExceptionTest.java:43)
	at uge5.ConstructMe.<init>(ExceptionTest.java:43)
	at uge5.ConstructMe.<init>(ExceptionTest.java:43)
	at uge5.ConstructMe.<init>(ExceptionTest.java:43)
	at uge5.ConstructMe.<init>(ExceptionTest.java:43)
	at uge5.ConstructMe.<init>(ExceptionTest.java:43)
	at uge5.ConstructMe.<init>(ExceptionTest.java:43)
	at uge5.ConstructMe.<init>(ExceptionTest.java:43)
	at uge5.ConstructMe.<init>(ExceptionTest.java:43)
	at uge5.ConstructMe.<init>(ExceptionTest.java:43)
	at uge5.ConstructMe.<init>(ExceptionTest.java:43)
	at uge5.ConstructMe.<init>(ExceptionTest.java:43)
	at uge5.ConstructMe.<init>(ExceptionTest.java:43)
	at uge5.ConstructMe.<init>(ExceptionTest.java:43)
	at uge5.ConstructMe.<init>(ExceptionTest.java:43)
	at uge5.ConstructMe.<init>(ExceptionTest.java:43)
	at uge5.ConstructMe.<init>(ExceptionTest.java:43)
	at uge5.ConstructMe.<init>(ExceptionTest.java:43)
	at uge5.ConstructMe.<init>(ExceptionTest.java:43)
	at uge5.ConstructMe.<init>(ExceptionTest.java:43)
	at uge5.ConstructMe.<init>(ExceptionTest.java:43)
	at uge5.ConstructMe.<init>(ExceptionTest.java:43)
	at uge5.ConstructMe.<init>(ExceptionTest.java:43)
	at uge5.ConstructMe.<init>(ExceptionTest.java:43)
	at uge5.ConstructMe.<init>(ExceptionTest.java:43)
	at uge5.ConstructMe.<init>(ExceptionTest.java:43)
	at uge5.ConstructMe.<init>(ExceptionTest.java:43)
	at uge5.ConstructMe.<init>(ExceptionTest.java:43)
	at uge5.ConstructMe.<init>(ExceptionTest.java:43)
	at uge5.ConstructMe.<init>(ExceptionTest.java:43)
	at uge5.ConstructMe.<init>(ExceptionTest.java:43)
	at uge5.ConstructMe.<init>(ExceptionTest.java:43)
	at uge5.ConstructMe.<init>(ExceptionTest.java:43)
	at uge5.ConstructMe.<init>(ExceptionTest.java:43)
	at uge5.ConstructMe.<init>(ExceptionTest.java:43)
	at uge5.ConstructMe.<init>(ExceptionTest.java:43)
	at uge5.ConstructMe.<init>(ExceptionTest.java:43)
	at uge5.ConstructMe.<init>(ExceptionTest.java:43)
	at uge5.ConstructMe.<init>(ExceptionTest.java:43)
	at uge5.ConstructMe.<init>(ExceptionTest.java:43)
	at uge5.ConstructMe.<init>(ExceptionTest.java:43)
	at uge5.ConstructMe.<init>(ExceptionTest.java:43)
	at uge5.ConstructMe.<init>(ExceptionTest.java:43)
	at uge5.ConstructMe.<init>(ExceptionTest.java:43)
	at uge5.ConstructMe.<init>(ExceptionTest.java:43)
	at uge5.ConstructMe.<init>(ExceptionTest.java:43)
	at uge5.ConstructMe.<init>(ExceptionTest.java:43)
	at uge5.ConstructMe.<init>(ExceptionTest.java:43)
	at uge5.ConstructMe.<init>(ExceptionTest.java:43)
	at uge5.ConstructMe.<init>(ExceptionTest.java:43)
	at uge5.ConstructMe.<init>(ExceptionTest.java:43)
	at uge5.ConstructMe.<init>(ExceptionTest.java:43)
	at uge5.ConstructMe.<init>(ExceptionTest.java:43)
	at uge5.ConstructMe.<init>(ExceptionTest.java:43)
	at uge5.ConstructMe.<init>(ExceptionTest.java:43)
	at uge5.ConstructMe.<init>(ExceptionTest.java:43)
	at uge5.ConstructMe.<init>(ExceptionTest.java:43)
	at uge5.ConstructMe.<init>(ExceptionTest.java:43)
	at uge5.ConstructMe.<init>(ExceptionTest.java:43)
	at uge5.ConstructMe.<init>(ExceptionTest.java:43)
	at uge5.ConstructMe.<init>(ExceptionTest.java:43)
	at uge5.ConstructMe.<init>(ExceptionTest.java:43)
	at uge5.ConstructMe.<init>(ExceptionTest.java:43)
	at uge5.ConstructMe.<init>(ExceptionTest.java:43)
	at uge5.ConstructMe.<init>(ExceptionTest.java:43)
	at uge5.ConstructMe.<init>(ExceptionTest.java:43)
	at uge5.ConstructMe.<init>(ExceptionTest.java:43)
	at uge5.ConstructMe.<init>(ExceptionTest.java:43)
	at uge5.ConstructMe.<init>(ExceptionTest.java:43)
	at uge5.ConstructMe.<init>(ExceptionTest.java:43)
	at uge5.ConstructMe.<init>(ExceptionTest.java:43)
	at uge5.ConstructMe.<init>(ExceptionTest.java:43)
	at uge5.ConstructMe.<init>(ExceptionTest.java:43)
	at uge5.ConstructMe.<init>(ExceptionTest.java:43)
	at uge5.ConstructMe.<init>(ExceptionTest.java:43)
	at uge5.ConstructMe.<init>(ExceptionTest.java:43)
	at uge5.ConstructMe.<init>(ExceptionTest.java:43)
	at uge5.ConstructMe.<init>(ExceptionTest.java:43)
	at uge5.ConstructMe.<init>(ExceptionTest.java:43)
	at uge5.ConstructMe.<init>(ExceptionTest.java:43)
	at uge5.ConstructMe.<init>(ExceptionTest.java:43)
	at uge5.ConstructMe.<init>(ExceptionTest.java:43)
	at uge5.ConstructMe.<init>(ExceptionTest.java:43)
	at uge5.ConstructMe.<init>(ExceptionTest.java:43)
	at uge5.ConstructMe.<init>(ExceptionTest.java:43)
	at uge5.ConstructMe.<init>(ExceptionTest.java:43)
	at uge5.ConstructMe.<init>(ExceptionTest.java:43)
	at uge5.ConstructMe.<init>(ExceptionTest.java:43)
	at uge5.ConstructMe.<init>(ExceptionTest.java:43)
	at uge5.ConstructMe.<init>(ExceptionTest.java:43)
	at uge5.ConstructMe.<init>(ExceptionTest.java:43)
	at uge5.ConstructMe.<init>(ExceptionTest.java:43)
	at uge5.ConstructMe.<init>(ExceptionTest.java:43)
	at uge5.ConstructMe.<init>(ExceptionTest.java:43)
	at uge5.ConstructMe.<init>(ExceptionTest.java:43)
	at uge5.ConstructMe.<init>(ExceptionTest.java:43)
	at uge5.ConstructMe.<init>(ExceptionTest.java:43)
	at uge5.ConstructMe.<init>(ExceptionTest.java:43)
	at uge5.ConstructMe.<init>(ExceptionTest.java:43)
	at uge5.ConstructMe.<init>(ExceptionTest.java:43)
	at uge5.ConstructMe.<init>(ExceptionTest.java:43)
	at uge5.ConstructMe.<init>(ExceptionTest.java:43)
	at uge5.ConstructMe.<init>(ExceptionTest.java:43)
	at uge5.ConstructMe.<init>(ExceptionTest.java:43)
	at uge5.ConstructMe.<init>(ExceptionTest.java:43)
	at uge5.ConstructMe.<init>(ExceptionTest.java:43)
	at uge5.ConstructMe.<init>(ExceptionTest.java:43)
	at uge5.ConstructMe.<init>(ExceptionTest.java:43)
	at uge5.ConstructMe.<init>(ExceptionTest.java:43)
	at uge5.ConstructMe.<init>(ExceptionTest.java:43)
	at uge5.ConstructMe.<init>(ExceptionTest.java:43)
	at uge5.ConstructMe.<init>(ExceptionTest.java:43)
	at uge5.ConstructMe.<init>(ExceptionTest.java:43)
	at uge5.ConstructMe.<init>(ExceptionTest.java:43)
	at uge5.ConstructMe.<init>(ExceptionTest.java:43)
	at uge5.ConstructMe.<init>(ExceptionTest.java:43)
	at uge5.ConstructMe.<init>(ExceptionTest.java:43)
	at uge5.ConstructMe.<init>(ExceptionTest.java:43)
	at uge5.ConstructMe.<init>(ExceptionTest.java:43)
	at uge5.ConstructMe.<init>(ExceptionTest.java:43)
	at uge5.ConstructMe.<init>(ExceptionTest.java:43)
	at uge5.ConstructMe.<init>(ExceptionTest.java:43)
	at uge5.ConstructMe.<init>(ExceptionTest.java:43)
	at uge5.ConstructMe.<init>(ExceptionTest.java:43)
	at uge5.ConstructMe.<init>(ExceptionTest.java:43)
]]>
    </failure>
  </testcase>
</testsuite>
