<?xml version="1.0" encoding="UTF-8"?>
<!-- Generated by org.testng.reporters.JUnitReportReporter -->
<testsuite hostname="lt-laptop.local" name="org.randompage.java7.classloading.ClassLoading" tests="1" failures="0" timestamp="23 Oct 2011 19:52:11 GMT" time="0.005" errors="0">
  <testcase name="testClassLoaderTypes" time="0.005" classname="org.randompage.java7.classloading.ClassLoading"/>
</testsuite>
