<?xml version="1.0" encoding="UTF-8"?>
<!-- Generated by org.testng.reporters.JUnitReportReporter -->
<testsuite hostname="lt-laptop.local" name="uge5.LoopTest" tests="1" failures="0" timestamp="1 Nov 2011 09:47:22 GMT" time="0.012" errors="0">
  <testcase name="testStringLoop" time="0.012" classname="uge5.LoopTest"/>
</testsuite>
