<?xml version="1.0" encoding="UTF-8"?>
<!-- Generated by org.testng.reporters.JUnitReportReporter -->
<testsuite hostname="lt-laptop.local" name="uge5.CompoundTest" tests="1" failures="0" timestamp="1 Nov 2011 09:13:02 GMT" time="0.012" errors="0">
  <testcase name="compoundTest" time="0.012" classname="uge5.CompoundTest"/>
</testsuite>
